<?xml version="1.0" encoding="UTF-8"?>
<testsuite xmlns:xsi="http://www.w3.org/2001/XMLSchema-instance" xsi:noNamespaceSchemaLocation="https://maven.apache.org/surefire/maven-surefire-plugin/xsd/surefire-test-report-3.0.xsd" version="3.0" name="io.legohunter.data.dao.ItemInventoryPhotoDaoTest" time="1.821" tests="13" errors="0" skipped="0" failures="0">
  <properties>
[...]
</properties>
  <testcase name="findByMd5_returns_empty_when_not_found" classname="io.legohunter.data.dao.ItemInventoryPhotoDaoTest" time="0.567">
    <system-out><![CDATA[13:24:29.108 [main] INFO io.legohunter.data.config.MyBatisV2Configuration -- MyBatisV2Configuration initialized
13:24:29.111 [main] INFO io.legohunter.data.config.LegoDataDaoConfiguration -- LegoDataDaoConfiguration initialized
13:24:29.159 [main] INFO org.hibernate.validator.internal.util.Version -- HV000001: Hibernate Validator 8.0.3.Final
13:24:29.304 [main] INFO com.zaxxer.hikari.HikariDataSource -- HikariPool-1 - Starting...
13:24:29.432 [main] INFO com.zaxxer.hikari.pool.HikariPool -- HikariPool-1 - Added connection conn0: url=jdbc:h2:mem:unit-test-db user=SA
13:24:29.434 [main] INFO com.zaxxer.hikari.HikariDataSource -- HikariPool-1 - Start completed.
]]></system-out>
    <system-err><![CDATA[Mockito is currently self-attaching to enable the inline-mock-maker. This will no longer work in future releases of the JDK. Please add Mockito as an agent to your build as described in Mockito's documentation: https://javadoc.io/doc/org.mockito/mockito-core/latest/org.mockito/org/mockito/Mockito.html#0.3
WARNING: A Java agent has been loaded dynamically (d:\dev\.m2_repo\net\bytebuddy\byte-buddy-agent\1.17.8\byte-buddy-agent-1.17.8.jar)
WARNING: If a serviceability tool is in use, please run with -XX:+EnableDynamicAgentLoading to hide this warning
WARNING: If a serviceability tool is not in use, please run with -Djdk.instrument.traceUsage for more information
WARNING: Dynamic loading of agents will be disallowed by default in a future release
]]></system-err>
  </testcase>
  <testcase name="setPrimaryPhoto_sets_only_one_primary_photo" classname="io.legohunter.data.dao.ItemInventoryPhotoDaoTest" time="0.018"/>
  <testcase name="deleteByMd5_removes_photo" classname="io.legohunter.data.dao.ItemInventoryPhotoDaoTest" time="0.008"/>
  <testcase name="findByItemInventoryId_returns_all_photos" classname="io.legohunter.data.dao.ItemInventoryPhotoDaoTest" time="0.014"/>
  <testcase name="insertPhoto_fails_when_md5_duplicate" classname="io.legohunter.data.dao.ItemInventoryPhotoDaoTest" time="0.072"/>
  <testcase name="findByMd5_returns_photo" classname="io.legohunter.data.dao.ItemInventoryPhotoDaoTest" time="0.009"/>
  <testcase name="replaceStoredObject_updatesStorageAndMetadataOnExistingPhoto" classname="io.legohunter.data.dao.ItemInventoryPhotoDaoTest" time="0.019"/>
  <testcase name="existsByMd5_returns_false_when_missing" classname="io.legohunter.data.dao.ItemInventoryPhotoDaoTest" time="0.004"/>
  <testcase name="insertPhoto" classname="io.legohunter.data.dao.ItemInventoryPhotoDaoTest" time="0.006"/>
  <testcase name="existsByMd5_returns_true_when_exists" classname="io.legohunter.data.dao.ItemInventoryPhotoDaoTest" time="0.004"/>
  <testcase name="deleteByMd5AndStorage_removesPhotoOnlyWhenStorageMatches" classname="io.legohunter.data.dao.ItemInventoryPhotoDaoTest" time="0.007"/>
  <testcase name="updateMetadata_updatesCaptionAndPrimaryWithoutChangingStorage" classname="io.legohunter.data.dao.ItemInventoryPhotoDaoTest" time="0.006"/>
  <testcase name="findByItemInventoryIdAndFileName_returnsMatchingPhoto" classname="io.legohunter.data.dao.ItemInventoryPhotoDaoTest" time="0.006"/>
</testsuite>